<?xml version="1.0" encoding="UTF-8"?>
<testsuite xmlns:xsi="http://www.w3.org/2001/XMLSchema-instance" xsi:noNamespaceSchemaLocation="https://maven.apache.org/surefire/maven-surefire-plugin/xsd/surefire-test-report.xsd" name="com.organizer.www.OrganizerApiApplicationTest" time="0.26" tests="1" errors="0" skipped="0" failures="0">
  <properties>
    <property name="awt.toolkit" value="sun.awt.X11.XToolkit"/>
    <property name="java.specification.version" value="11"/>
    <property name="sun.cpu.isalist" value=""/>
    <property name="sun.jnu.encoding" value="UTF-8"/>
    <property name="java.class.path" value="/var/jenkins_home/workspace/BASIC_PIPELINE/target/test-classes:/var/jenkins_home/workspace/BASIC_PIPELINE/target/classes:/var/jenkins_home/.m2/repository/org/springframework/boot/spring-boot-starter-data-jpa/2.6.2/spring-boot-starter-data-jpa-2.6.2.jar:/var/jenkins_home/.m2/repository/org/springframework/boot/spring-boot-starter-aop/2.6.2/spring-boot-starter-aop-2.6.2.jar:/var/jenkins_home/.m2/repository/org/aspectj/aspectjweaver/1.9.7/aspectjweaver-1.9.7.jar:/var/jenkins_home/.m2/repository/org/springframework/boot/spring-boot-starter-jdbc/2.6.2/spring-boot-starter-jdbc-2.6.2.jar:/var/jenkins_home/.m2/repository/com/zaxxer/HikariCP/4.0.3/HikariCP-4.0.3.jar:/var/jenkins_home/.m2/repository/org/springframework/spring-jdbc/5.3.14/spring-jdbc-5.3.14.jar:/var/jenkins_home/.m2/repository/jakarta/transaction/jakarta.transaction-api/1.3.3/jakarta.transaction-api-1.3.3.jar:/var/jenkins_home/.m2/repository/jakarta/persistence/jakarta.persistence-api/2.2.3/jakarta.persistence-api-2.2.3.jar:/var/jenkins_home/.m2/repository/org/hibernate/hibernate-core/5.6.3.Final/hibernate-core-5.6.3.Final.jar:/var/jenkins_home/.m2/repository/org/jboss/logging/jboss-logging/3.4.2.Final/jboss-logging-3.4.2.Final.jar:/var/jenkins_home/.m2/repository/net/bytebuddy/byte-buddy/1.11.22/byte-buddy-1.11.22.jar:/var/jenkins_home/.m2/repository/antlr/antlr/2.7.7/antlr-2.7.7.jar:/var/jenkins_home/.m2/repository/org/jboss/jandex/2.2.3.Final/jandex-2.2.3.Final.jar:/var/jenkins_home/.m2/repository/com/fasterxml/classmate/1.5.1/classmate-1.5.1.jar:/var/jenkins_home/.m2/repository/org/hibernate/common/hibernate-commons-annotations/5.1.2.Final/hibernate-commons-annotations-5.1.2.Final.jar:/var/jenkins_home/.m2/repository/org/glassfish/jaxb/jaxb-runtime/2.3.5/jaxb-runtime-2.3.5.jar:/var/jenkins_home/.m2/repository/org/glassfish/jaxb/txw2/2.3.5/txw2-2.3.5.jar:/var/jenkins_home/.m2/repository/com/sun/istack/istack-commons-runtime/3.0.12/istack-commons-runtime-3.0.12.jar:/var/jenkins_home/.m2/repository/com/sun/activation/jakarta.activation/1.2.2/jakarta.activation-1.2.2.jar:/var/jenkins_home/.m2/repository/org/springframework/data/spring-data-jpa/2.6.0/spring-data-jpa-2.6.0.jar:/var/jenkins_home/.m2/repository/org/springframework/data/spring-data-commons/2.6.0/spring-data-commons-2.6.0.jar:/var/jenkins_home/.m2/repository/org/springframework/spring-orm/5.3.14/spring-orm-5.3.14.jar:/var/jenkins_home/.m2/repository/org/springframework/spring-context/5.3.14/spring-context-5.3.14.jar:/var/jenkins_home/.m2/repository/org/springframework/spring-tx/5.3.14/spring-tx-5.3.14.jar:/var/jenkins_home/.m2/repository/org/springframework/spring-beans/5.3.14/spring-beans-5.3.14.jar:/var/jenkins_home/.m2/repository/org/slf4j/slf4j-api/1.7.32/slf4j-api-1.7.32.jar:/var/jenkins_home/.m2/repository/org/springframework/spring-aspects/5.3.14/spring-aspects-5.3.14.jar:/var/jenkins_home/.m2/repository/org/springframework/boot/spring-boot-starter-web/2.6.2/spring-boot-starter-web-2.6.2.jar:/var/jenkins_home/.m2/repository/org/springframework/boot/spring-boot-starter/2.6.2/spring-boot-starter-2.6.2.jar:/var/jenkins_home/.m2/repository/org/springframework/boot/spring-boot/2.6.2/spring-boot-2.6.2.jar:/var/jenkins_home/.m2/repository/org/springframework/boot/spring-boot-autoconfigure/2.6.2/spring-boot-autoconfigure-2.6.2.jar:/var/jenkins_home/.m2/repository/org/springframework/boot/spring-boot-starter-logging/2.6.2/spring-boot-starter-logging-2.6.2.jar:/var/jenkins_home/.m2/repository/ch/qos/logback/logback-classic/1.2.9/logback-classic-1.2.9.jar:/var/jenkins_home/.m2/repository/ch/qos/logback/logback-core/1.2.9/logback-core-1.2.9.jar:/var/jenkins_home/.m2/repository/org/apache/logging/log4j/log4j-to-slf4j/2.17.0/log4j-to-slf4j-2.17.0.jar:/var/jenkins_home/.m2/repository/org/apache/logging/log4j/log4j-api/2.17.0/log4j-api-2.17.0.jar:/var/jenkins_home/.m2/repository/org/slf4j/jul-to-slf4j/1.7.32/jul-to-slf4j-1.7.32.jar:/var/jenkins_home/.m2/repository/jakarta/annotation/jakarta.annotation-api/1.3.5/jakarta.annotation-api-1.3.5.jar:/var/jenkins_home/.m2/repository/org/yaml/snakeyaml/1.29/snakeyaml-1.29.jar:/var/jenkins_home/.m2/repository/org/springframework/boot/spring-boot-starter-json/2.6.2/spring-boot-starter-json-2.6.2.jar:/var/jenkins_home/.m2/repository/com/fasterxml/jackson/core/jackson-databind/2.13.1/jackson-databind-2.13.1.jar:/var/jenkins_home/.m2/repository/com/fasterxml/jackson/core/jackson-annotations/2.13.1/jackson-annotations-2.13.1.jar:/var/jenkins_home/.m2/repository/com/fasterxml/jackson/core/jackson-core/2.13.1/jackson-core-2.13.1.jar:/var/jenkins_home/.m2/repository/com/fasterxml/jackson/datatype/jackson-datatype-jdk8/2.13.1/jackson-datatype-jdk8-2.13.1.jar:/var/jenkins_home/.m2/repository/com/fasterxml/jackson/datatype/jackson-datatype-jsr310/2.13.1/jackson-datatype-jsr310-2.13.1.jar:/var/jenkins_home/.m2/repository/com/fasterxml/jackson/module/jackson-module-parameter-names/2.13.1/jackson-module-parameter-names-2.13.1.jar:/var/jenkins_home/.m2/repository/org/springframework/boot/spring-boot-starter-tomcat/2.6.2/spring-boot-starter-tomcat-2.6.2.jar:/var/jenkins_home/.m2/repository/org/apache/tomcat/embed/tomcat-embed-core/9.0.56/tomcat-embed-core-9.0.56.jar:/var/jenkins_home/.m2/repository/org/apache/tomcat/embed/tomcat-embed-websocket/9.0.56/tomcat-embed-websocket-9.0.56.jar:/var/jenkins_home/.m2/repository/org/springframework/spring-web/5.3.14/spring-web-5.3.14.jar:/var/jenkins_home/.m2/repository/org/springframework/spring-webmvc/5.3.14/spring-webmvc-5.3.14.jar:/var/jenkins_home/.m2/repository/org/springframework/spring-expression/5.3.14/spring-expression-5.3.14.jar:/var/jenkins_home/.m2/repository/org/springframework/boot/spring-boot-starter-webflux/2.6.2/spring-boot-starter-webflux-2.6.2.jar:/var/jenkins_home/.m2/repository/org/springframework/boot/spring-boot-starter-reactor-netty/2.6.2/spring-boot-starter-reactor-netty-2.6.2.jar:/var/jenkins_home/.m2/repository/io/projectreactor/netty/reactor-netty-http/1.0.14/reactor-netty-http-1.0.14.jar:/var/jenkins_home/.m2/repository/io/netty/netty-codec-http/4.1.72.Final/netty-codec-http-4.1.72.Final.jar:/var/jenkins_home/.m2/repository/io/netty/netty-common/4.1.72.Final/netty-common-4.1.72.Final.jar:/var/jenkins_home/.m2/repository/io/netty/netty-buffer/4.1.72.Final/netty-buffer-4.1.72.Final.jar:/var/jenkins_home/.m2/repository/io/netty/netty-transport/4.1.72.Final/netty-transport-4.1.72.Final.jar:/var/jenkins_home/.m2/repository/io/netty/netty-codec/4.1.72.Final/netty-codec-4.1.72.Final.jar:/var/jenkins_home/.m2/repository/io/netty/netty-handler/4.1.72.Final/netty-handler-4.1.72.Final.jar:/var/jenkins_home/.m2/repository/io/netty/netty-tcnative-classes/2.0.46.Final/netty-tcnative-classes-2.0.46.Final.jar:/var/jenkins_home/.m2/repository/io/netty/netty-codec-http2/4.1.72.Final/netty-codec-http2-4.1.72.Final.jar:/var/jenkins_home/.m2/repository/io/netty/netty-resolver-dns/4.1.72.Final/netty-resolver-dns-4.1.72.Final.jar:/var/jenkins_home/.m2/repository/io/netty/netty-resolver/4.1.72.Final/netty-resolver-4.1.72.Final.jar:/var/jenkins_home/.m2/repository/io/netty/netty-codec-dns/4.1.72.Final/netty-codec-dns-4.1.72.Final.jar:/var/jenkins_home/.m2/repository/io/netty/netty-resolver-dns-native-macos/4.1.72.Final/netty-resolver-dns-native-macos-4.1.72.Final-osx-x86_64.jar:/var/jenkins_home/.m2/repository/io/netty/netty-resolver-dns-classes-macos/4.1.72.Final/netty-resolver-dns-classes-macos-4.1.72.Final.jar:/var/jenkins_home/.m2/repository/io/netty/netty-transport-native-epoll/4.1.72.Final/netty-transport-native-epoll-4.1.72.Final-linux-x86_64.jar:/var/jenkins_home/.m2/repository/io/netty/netty-transport-native-unix-common/4.1.72.Final/netty-transport-native-unix-common-4.1.72.Final.jar:/var/jenkins_home/.m2/repository/io/netty/netty-transport-classes-epoll/4.1.72.Final/netty-transport-classes-epoll-4.1.72.Final.jar:/var/jenkins_home/.m2/repository/io/projectreactor/netty/reactor-netty-core/1.0.14/reactor-netty-core-1.0.14.jar:/var/jenkins_home/.m2/repository/io/netty/netty-handler-proxy/4.1.72.Final/netty-handler-proxy-4.1.72.Final.jar:/var/jenkins_home/.m2/repository/io/netty/netty-codec-socks/4.1.72.Final/netty-codec-socks-4.1.72.Final.jar:/var/jenkins_home/.m2/repository/org/springframework/spring-webflux/5.3.14/spring-webflux-5.3.14.jar:/var/jenkins_home/.m2/repository/mysql/mysql-connector-java/8.0.27/mysql-connector-java-8.0.27.jar:/var/jenkins_home/.m2/repository/org/springframework/boot/spring-boot-starter-test/2.6.2/spring-boot-starter-test-2.6.2.jar:/var/jenkins_home/.m2/repository/org/springframework/boot/spring-boot-test/2.6.2/spring-boot-test-2.6.2.jar:/var/jenkins_home/.m2/repository/org/springframework/boot/spring-boot-test-autoconfigure/2.6.2/spring-boot-test-autoconfigure-2.6.2.jar:/var/jenkins_home/.m2/repository/com/jayway/jsonpath/json-path/2.6.0/json-path-2.6.0.jar:/var/jenkins_home/.m2/repository/net/minidev/json-smart/2.4.7/json-smart-2.4.7.jar:/var/jenkins_home/.m2/repository/net/minidev/accessors-smart/2.4.7/accessors-smart-2.4.7.jar:/var/jenkins_home/.m2/repository/org/ow2/asm/asm/9.1/asm-9.1.jar:/var/jenkins_home/.m2/repository/jakarta/xml/bind/jakarta.xml.bind-api/2.3.3/jakarta.xml.bind-api-2.3.3.jar:/var/jenkins_home/.m2/repository/jakarta/activation/jakarta.activation-api/1.2.2/jakarta.activation-api-1.2.2.jar:/var/jenkins_home/.m2/repository/org/assertj/assertj-core/3.21.0/assertj-core-3.21.0.jar:/var/jenkins_home/.m2/repository/org/hamcrest/hamcrest/2.2/hamcrest-2.2.jar:/var/jenkins_home/.m2/repository/org/junit/jupiter/junit-jupiter/5.8.2/junit-jupiter-5.8.2.jar:/var/jenkins_home/.m2/repository/org/junit/jupiter/junit-jupiter-api/5.8.2/junit-jupiter-api-5.8.2.jar:/var/jenkins_home/.m2/repository/org/opentest4j/opentest4j/1.2.0/opentest4j-1.2.0.jar:/var/jenkins_home/.m2/repository/org/junit/platform/junit-platform-commons/1.8.2/junit-platform-commons-1.8.2.jar:/var/jenkins_home/.m2/repository/org/apiguardian/apiguardian-api/1.1.2/apiguardian-api-1.1.2.jar:/var/jenkins_home/.m2/repository/org/junit/jupiter/junit-jupiter-params/5.8.2/junit-jupiter-params-5.8.2.jar:/var/jenkins_home/.m2/repository/org/junit/jupiter/junit-jupiter-engine/5.8.2/junit-jupiter-engine-5.8.2.jar:/var/jenkins_home/.m2/repository/org/junit/platform/junit-platform-engine/1.8.2/junit-platform-engine-1.8.2.jar:/var/jenkins_home/.m2/repository/org/mockito/mockito-core/4.0.0/mockito-core-4.0.0.jar:/var/jenkins_home/.m2/repository/net/bytebuddy/byte-buddy-agent/1.11.22/byte-buddy-agent-1.11.22.jar:/var/jenkins_home/.m2/repository/org/objenesis/objenesis/3.2/objenesis-3.2.jar:/var/jenkins_home/.m2/repository/org/mockito/mockito-junit-jupiter/4.0.0/mockito-junit-jupiter-4.0.0.jar:/var/jenkins_home/.m2/repository/org/skyscreamer/jsonassert/1.5.0/jsonassert-1.5.0.jar:/var/jenkins_home/.m2/repository/com/vaadin/external/google/android-json/0.0.20131108.vaadin1/android-json-0.0.20131108.vaadin1.jar:/var/jenkins_home/.m2/repository/org/springframework/spring-core/5.3.14/spring-core-5.3.14.jar:/var/jenkins_home/.m2/repository/org/springframework/spring-jcl/5.3.14/spring-jcl-5.3.14.jar:/var/jenkins_home/.m2/repository/org/springframework/spring-test/5.3.14/spring-test-5.3.14.jar:/var/jenkins_home/.m2/repository/org/xmlunit/xmlunit-core/2.8.4/xmlunit-core-2.8.4.jar:/var/jenkins_home/.m2/repository/io/projectreactor/reactor-test/3.4.13/reactor-test-3.4.13.jar:/var/jenkins_home/.m2/repository/io/projectreactor/reactor-core/3.4.13/reactor-core-3.4.13.jar:/var/jenkins_home/.m2/repository/org/reactivestreams/reactive-streams/1.0.3/reactive-streams-1.0.3.jar:/var/jenkins_home/.m2/repository/org/modelmapper/modelmapper/2.3.0/modelmapper-2.3.0.jar:/var/jenkins_home/.m2/repository/org/springframework/boot/spring-boot-starter-validation/2.6.2/spring-boot-starter-validation-2.6.2.jar:/var/jenkins_home/.m2/repository/org/apache/tomcat/embed/tomcat-embed-el/9.0.56/tomcat-embed-el-9.0.56.jar:/var/jenkins_home/.m2/repository/org/hibernate/validator/hibernate-validator/6.2.0.Final/hibernate-validator-6.2.0.Final.jar:/var/jenkins_home/.m2/repository/jakarta/validation/jakarta.validation-api/2.0.2/jakarta.validation-api-2.0.2.jar:/var/jenkins_home/.m2/repository/org/springframework/boot/spring-boot-starter-security/2.3.3.RELEASE/spring-boot-starter-security-2.3.3.RELEASE.jar:/var/jenkins_home/.m2/repository/org/springframework/spring-aop/5.3.14/spring-aop-5.3.14.jar:/var/jenkins_home/.m2/repository/org/springframework/security/spring-security-config/5.6.1/spring-security-config-5.6.1.jar:/var/jenkins_home/.m2/repository/org/springframework/security/spring-security-core/5.6.1/spring-security-core-5.6.1.jar:/var/jenkins_home/.m2/repository/org/springframework/security/spring-security-crypto/5.6.1/spring-security-crypto-5.6.1.jar:/var/jenkins_home/.m2/repository/org/springframework/security/spring-security-web/5.6.1/spring-security-web-5.6.1.jar:"/>
    <property name="java.vm.vendor" value="Eclipse Adoptium"/>
    <property name="sun.arch.data.model" value="64"/>
    <property name="java.vendor.url" value="https://adoptium.net/"/>
    <property name="user.timezone" value=""/>
    <property name="java.vm.specification.version" value="11"/>
    <property name="os.name" value="Linux"/>
    <property name="sun.java.launcher" value="SUN_STANDARD"/>
    <property name="sun.boot.library.path" value="/opt/java/openjdk/lib"/>
    <property name="sun.java.command" value="/var/jenkins_home/workspace/BASIC_PIPELINE/target/surefire/surefirebooter18095418549024699501.jar /var/jenkins_home/workspace/BASIC_PIPELINE/target/surefire 2023-02-10T12-33-39_619-jvmRun1 surefire4931215592791849657tmp surefire_02492347597520945286tmp"/>
    <property name="jdk.debug" value="release"/>
    <property name="surefire.test.class.path" value="/var/jenkins_home/workspace/BASIC_PIPELINE/target/test-classes:/var/jenkins_home/workspace/BASIC_PIPELINE/target/classes:/var/jenkins_home/.m2/repository/org/springframework/boot/spring-boot-starter-data-jpa/2.6.2/spring-boot-starter-data-jpa-2.6.2.jar:/var/jenkins_home/.m2/repository/org/springframework/boot/spring-boot-starter-aop/2.6.2/spring-boot-starter-aop-2.6.2.jar:/var/jenkins_home/.m2/repository/org/aspectj/aspectjweaver/1.9.7/aspectjweaver-1.9.7.jar:/var/jenkins_home/.m2/repository/org/springframework/boot/spring-boot-starter-jdbc/2.6.2/spring-boot-starter-jdbc-2.6.2.jar:/var/jenkins_home/.m2/repository/com/zaxxer/HikariCP/4.0.3/HikariCP-4.0.3.jar:/var/jenkins_home/.m2/repository/org/springframework/spring-jdbc/5.3.14/spring-jdbc-5.3.14.jar:/var/jenkins_home/.m2/repository/jakarta/transaction/jakarta.transaction-api/1.3.3/jakarta.transaction-api-1.3.3.jar:/var/jenkins_home/.m2/repository/jakarta/persistence/jakarta.persistence-api/2.2.3/jakarta.persistence-api-2.2.3.jar:/var/jenkins_home/.m2/repository/org/hibernate/hibernate-core/5.6.3.Final/hibernate-core-5.6.3.Final.jar:/var/jenkins_home/.m2/repository/org/jboss/logging/jboss-logging/3.4.2.Final/jboss-logging-3.4.2.Final.jar:/var/jenkins_home/.m2/repository/net/bytebuddy/byte-buddy/1.11.22/byte-buddy-1.11.22.jar:/var/jenkins_home/.m2/repository/antlr/antlr/2.7.7/antlr-2.7.7.jar:/var/jenkins_home/.m2/repository/org/jboss/jandex/2.2.3.Final/jandex-2.2.3.Final.jar:/var/jenkins_home/.m2/repository/com/fasterxml/classmate/1.5.1/classmate-1.5.1.jar:/var/jenkins_home/.m2/repository/org/hibernate/common/hibernate-commons-annotations/5.1.2.Final/hibernate-commons-annotations-5.1.2.Final.jar:/var/jenkins_home/.m2/repository/org/glassfish/jaxb/jaxb-runtime/2.3.5/jaxb-runtime-2.3.5.jar:/var/jenkins_home/.m2/repository/org/glassfish/jaxb/txw2/2.3.5/txw2-2.3.5.jar:/var/jenkins_home/.m2/repository/com/sun/istack/istack-commons-runtime/3.0.12/istack-commons-runtime-3.0.12.jar:/var/jenkins_home/.m2/repository/com/sun/activation/jakarta.activation/1.2.2/jakarta.activation-1.2.2.jar:/var/jenkins_home/.m2/repository/org/springframework/data/spring-data-jpa/2.6.0/spring-data-jpa-2.6.0.jar:/var/jenkins_home/.m2/repository/org/springframework/data/spring-data-commons/2.6.0/spring-data-commons-2.6.0.jar:/var/jenkins_home/.m2/repository/org/springframework/spring-orm/5.3.14/spring-orm-5.3.14.jar:/var/jenkins_home/.m2/repository/org/springframework/spring-context/5.3.14/spring-context-5.3.14.jar:/var/jenkins_home/.m2/repository/org/springframework/spring-tx/5.3.14/spring-tx-5.3.14.jar:/var/jenkins_home/.m2/repository/org/springframework/spring-beans/5.3.14/spring-beans-5.3.14.jar:/var/jenkins_home/.m2/repository/org/slf4j/slf4j-api/1.7.32/slf4j-api-1.7.32.jar:/var/jenkins_home/.m2/repository/org/springframework/spring-aspects/5.3.14/spring-aspects-5.3.14.jar:/var/jenkins_home/.m2/repository/org/springframework/boot/spring-boot-starter-web/2.6.2/spring-boot-starter-web-2.6.2.jar:/var/jenkins_home/.m2/repository/org/springframework/boot/spring-boot-starter/2.6.2/spring-boot-starter-2.6.2.jar:/var/jenkins_home/.m2/repository/org/springframework/boot/spring-boot/2.6.2/spring-boot-2.6.2.jar:/var/jenkins_home/.m2/repository/org/springframework/boot/spring-boot-autoconfigure/2.6.2/spring-boot-autoconfigure-2.6.2.jar:/var/jenkins_home/.m2/repository/org/springframework/boot/spring-boot-starter-logging/2.6.2/spring-boot-starter-logging-2.6.2.jar:/var/jenkins_home/.m2/repository/ch/qos/logback/logback-classic/1.2.9/logback-classic-1.2.9.jar:/var/jenkins_home/.m2/repository/ch/qos/logback/logback-core/1.2.9/logback-core-1.2.9.jar:/var/jenkins_home/.m2/repository/org/apache/logging/log4j/log4j-to-slf4j/2.17.0/log4j-to-slf4j-2.17.0.jar:/var/jenkins_home/.m2/repository/org/apache/logging/log4j/log4j-api/2.17.0/log4j-api-2.17.0.jar:/var/jenkins_home/.m2/repository/org/slf4j/jul-to-slf4j/1.7.32/jul-to-slf4j-1.7.32.jar:/var/jenkins_home/.m2/repository/jakarta/annotation/jakarta.annotation-api/1.3.5/jakarta.annotation-api-1.3.5.jar:/var/jenkins_home/.m2/repository/org/yaml/snakeyaml/1.29/snakeyaml-1.29.jar:/var/jenkins_home/.m2/repository/org/springframework/boot/spring-boot-starter-json/2.6.2/spring-boot-starter-json-2.6.2.jar:/var/jenkins_home/.m2/repository/com/fasterxml/jackson/core/jackson-databind/2.13.1/jackson-databind-2.13.1.jar:/var/jenkins_home/.m2/repository/com/fasterxml/jackson/core/jackson-annotations/2.13.1/jackson-annotations-2.13.1.jar:/var/jenkins_home/.m2/repository/com/fasterxml/jackson/core/jackson-core/2.13.1/jackson-core-2.13.1.jar:/var/jenkins_home/.m2/repository/com/fasterxml/jackson/datatype/jackson-datatype-jdk8/2.13.1/jackson-datatype-jdk8-2.13.1.jar:/var/jenkins_home/.m2/repository/com/fasterxml/jackson/datatype/jackson-datatype-jsr310/2.13.1/jackson-datatype-jsr310-2.13.1.jar:/var/jenkins_home/.m2/repository/com/fasterxml/jackson/module/jackson-module-parameter-names/2.13.1/jackson-module-parameter-names-2.13.1.jar:/var/jenkins_home/.m2/repository/org/springframework/boot/spring-boot-starter-tomcat/2.6.2/spring-boot-starter-tomcat-2.6.2.jar:/var/jenkins_home/.m2/repository/org/apache/tomcat/embed/tomcat-embed-core/9.0.56/tomcat-embed-core-9.0.56.jar:/var/jenkins_home/.m2/repository/org/apache/tomcat/embed/tomcat-embed-websocket/9.0.56/tomcat-embed-websocket-9.0.56.jar:/var/jenkins_home/.m2/repository/org/springframework/spring-web/5.3.14/spring-web-5.3.14.jar:/var/jenkins_home/.m2/repository/org/springframework/spring-webmvc/5.3.14/spring-webmvc-5.3.14.jar:/var/jenkins_home/.m2/repository/org/springframework/spring-expression/5.3.14/spring-expression-5.3.14.jar:/var/jenkins_home/.m2/repository/org/springframework/boot/spring-boot-starter-webflux/2.6.2/spring-boot-starter-webflux-2.6.2.jar:/var/jenkins_home/.m2/repository/org/springframework/boot/spring-boot-starter-reactor-netty/2.6.2/spring-boot-starter-reactor-netty-2.6.2.jar:/var/jenkins_home/.m2/repository/io/projectreactor/netty/reactor-netty-http/1.0.14/reactor-netty-http-1.0.14.jar:/var/jenkins_home/.m2/repository/io/netty/netty-codec-http/4.1.72.Final/netty-codec-http-4.1.72.Final.jar:/var/jenkins_home/.m2/repository/io/netty/netty-common/4.1.72.Final/netty-common-4.1.72.Final.jar:/var/jenkins_home/.m2/repository/io/netty/netty-buffer/4.1.72.Final/netty-buffer-4.1.72.Final.jar:/var/jenkins_home/.m2/repository/io/netty/netty-transport/4.1.72.Final/netty-transport-4.1.72.Final.jar:/var/jenkins_home/.m2/repository/io/netty/netty-codec/4.1.72.Final/netty-codec-4.1.72.Final.jar:/var/jenkins_home/.m2/repository/io/netty/netty-handler/4.1.72.Final/netty-handler-4.1.72.Final.jar:/var/jenkins_home/.m2/repository/io/netty/netty-tcnative-classes/2.0.46.Final/netty-tcnative-classes-2.0.46.Final.jar:/var/jenkins_home/.m2/repository/io/netty/netty-codec-http2/4.1.72.Final/netty-codec-http2-4.1.72.Final.jar:/var/jenkins_home/.m2/repository/io/netty/netty-resolver-dns/4.1.72.Final/netty-resolver-dns-4.1.72.Final.jar:/var/jenkins_home/.m2/repository/io/netty/netty-resolver/4.1.72.Final/netty-resolver-4.1.72.Final.jar:/var/jenkins_home/.m2/repository/io/netty/netty-codec-dns/4.1.72.Final/netty-codec-dns-4.1.72.Final.jar:/var/jenkins_home/.m2/repository/io/netty/netty-resolver-dns-native-macos/4.1.72.Final/netty-resolver-dns-native-macos-4.1.72.Final-osx-x86_64.jar:/var/jenkins_home/.m2/repository/io/netty/netty-resolver-dns-classes-macos/4.1.72.Final/netty-resolver-dns-classes-macos-4.1.72.Final.jar:/var/jenkins_home/.m2/repository/io/netty/netty-transport-native-epoll/4.1.72.Final/netty-transport-native-epoll-4.1.72.Final-linux-x86_64.jar:/var/jenkins_home/.m2/repository/io/netty/netty-transport-native-unix-common/4.1.72.Final/netty-transport-native-unix-common-4.1.72.Final.jar:/var/jenkins_home/.m2/repository/io/netty/netty-transport-classes-epoll/4.1.72.Final/netty-transport-classes-epoll-4.1.72.Final.jar:/var/jenkins_home/.m2/repository/io/projectreactor/netty/reactor-netty-core/1.0.14/reactor-netty-core-1.0.14.jar:/var/jenkins_home/.m2/repository/io/netty/netty-handler-proxy/4.1.72.Final/netty-handler-proxy-4.1.72.Final.jar:/var/jenkins_home/.m2/repository/io/netty/netty-codec-socks/4.1.72.Final/netty-codec-socks-4.1.72.Final.jar:/var/jenkins_home/.m2/repository/org/springframework/spring-webflux/5.3.14/spring-webflux-5.3.14.jar:/var/jenkins_home/.m2/repository/mysql/mysql-connector-java/8.0.27/mysql-connector-java-8.0.27.jar:/var/jenkins_home/.m2/repository/org/springframework/boot/spring-boot-starter-test/2.6.2/spring-boot-starter-test-2.6.2.jar:/var/jenkins_home/.m2/repository/org/springframework/boot/spring-boot-test/2.6.2/spring-boot-test-2.6.2.jar:/var/jenkins_home/.m2/repository/org/springframework/boot/spring-boot-test-autoconfigure/2.6.2/spring-boot-test-autoconfigure-2.6.2.jar:/var/jenkins_home/.m2/repository/com/jayway/jsonpath/json-path/2.6.0/json-path-2.6.0.jar:/var/jenkins_home/.m2/repository/net/minidev/json-smart/2.4.7/json-smart-2.4.7.jar:/var/jenkins_home/.m2/repository/net/minidev/accessors-smart/2.4.7/accessors-smart-2.4.7.jar:/var/jenkins_home/.m2/repository/org/ow2/asm/asm/9.1/asm-9.1.jar:/var/jenkins_home/.m2/repository/jakarta/xml/bind/jakarta.xml.bind-api/2.3.3/jakarta.xml.bind-api-2.3.3.jar:/var/jenkins_home/.m2/repository/jakarta/activation/jakarta.activation-api/1.2.2/jakarta.activation-api-1.2.2.jar:/var/jenkins_home/.m2/repository/org/assertj/assertj-core/3.21.0/assertj-core-3.21.0.jar:/var/jenkins_home/.m2/repository/org/hamcrest/hamcrest/2.2/hamcrest-2.2.jar:/var/jenkins_home/.m2/repository/org/junit/jupiter/junit-jupiter/5.8.2/junit-jupiter-5.8.2.jar:/var/jenkins_home/.m2/repository/org/junit/jupiter/junit-jupiter-api/5.8.2/junit-jupiter-api-5.8.2.jar:/var/jenkins_home/.m2/repository/org/opentest4j/opentest4j/1.2.0/opentest4j-1.2.0.jar:/var/jenkins_home/.m2/repository/org/junit/platform/junit-platform-commons/1.8.2/junit-platform-commons-1.8.2.jar:/var/jenkins_home/.m2/repository/org/apiguardian/apiguardian-api/1.1.2/apiguardian-api-1.1.2.jar:/var/jenkins_home/.m2/repository/org/junit/jupiter/junit-jupiter-params/5.8.2/junit-jupiter-params-5.8.2.jar:/var/jenkins_home/.m2/repository/org/junit/jupiter/junit-jupiter-engine/5.8.2/junit-jupiter-engine-5.8.2.jar:/var/jenkins_home/.m2/repository/org/junit/platform/junit-platform-engine/1.8.2/junit-platform-engine-1.8.2.jar:/var/jenkins_home/.m2/repository/org/mockito/mockito-core/4.0.0/mockito-core-4.0.0.jar:/var/jenkins_home/.m2/repository/net/bytebuddy/byte-buddy-agent/1.11.22/byte-buddy-agent-1.11.22.jar:/var/jenkins_home/.m2/repository/org/objenesis/objenesis/3.2/objenesis-3.2.jar:/var/jenkins_home/.m2/repository/org/mockito/mockito-junit-jupiter/4.0.0/mockito-junit-jupiter-4.0.0.jar:/var/jenkins_home/.m2/repository/org/skyscreamer/jsonassert/1.5.0/jsonassert-1.5.0.jar:/var/jenkins_home/.m2/repository/com/vaadin/external/google/android-json/0.0.20131108.vaadin1/android-json-0.0.20131108.vaadin1.jar:/var/jenkins_home/.m2/repository/org/springframework/spring-core/5.3.14/spring-core-5.3.14.jar:/var/jenkins_home/.m2/repository/org/springframework/spring-jcl/5.3.14/spring-jcl-5.3.14.jar:/var/jenkins_home/.m2/repository/org/springframework/spring-test/5.3.14/spring-test-5.3.14.jar:/var/jenkins_home/.m2/repository/org/xmlunit/xmlunit-core/2.8.4/xmlunit-core-2.8.4.jar:/var/jenkins_home/.m2/repository/io/projectreactor/reactor-test/3.4.13/reactor-test-3.4.13.jar:/var/jenkins_home/.m2/repository/io/projectreactor/reactor-core/3.4.13/reactor-core-3.4.13.jar:/var/jenkins_home/.m2/repository/org/reactivestreams/reactive-streams/1.0.3/reactive-streams-1.0.3.jar:/var/jenkins_home/.m2/repository/org/modelmapper/modelmapper/2.3.0/modelmapper-2.3.0.jar:/var/jenkins_home/.m2/repository/org/springframework/boot/spring-boot-starter-validation/2.6.2/spring-boot-starter-validation-2.6.2.jar:/var/jenkins_home/.m2/repository/org/apache/tomcat/embed/tomcat-embed-el/9.0.56/tomcat-embed-el-9.0.56.jar:/var/jenkins_home/.m2/repository/org/hibernate/validator/hibernate-validator/6.2.0.Final/hibernate-validator-6.2.0.Final.jar:/var/jenkins_home/.m2/repository/jakarta/validation/jakarta.validation-api/2.0.2/jakarta.validation-api-2.0.2.jar:/var/jenkins_home/.m2/repository/org/springframework/boot/spring-boot-starter-security/2.3.3.RELEASE/spring-boot-starter-security-2.3.3.RELEASE.jar:/var/jenkins_home/.m2/repository/org/springframework/spring-aop/5.3.14/spring-aop-5.3.14.jar:/var/jenkins_home/.m2/repository/org/springframework/security/spring-security-config/5.6.1/spring-security-config-5.6.1.jar:/var/jenkins_home/.m2/repository/org/springframework/security/spring-security-core/5.6.1/spring-security-core-5.6.1.jar:/var/jenkins_home/.m2/repository/org/springframework/security/spring-security-crypto/5.6.1/spring-security-crypto-5.6.1.jar:/var/jenkins_home/.m2/repository/org/springframework/security/spring-security-web/5.6.1/spring-security-web-5.6.1.jar:"/>
    <property name="sun.cpu.endian" value="little"/>
    <property name="user.home" value="/var/jenkins_home"/>
    <property name="user.language" value="en"/>
    <property name="java.specification.vendor" value="Oracle Corporation"/>
    <property name="java.version.date" value="2022-10-18"/>
    <property name="java.home" value="/opt/java/openjdk"/>
    <property name="file.separator" value="/"/>
    <property name="basedir" value="/var/jenkins_home/workspace/BASIC_PIPELINE"/>
    <property name="java.vm.compressedOopsMode" value="32-bit"/>
    <property name="line.separator" value="&#10;"/>
    <property name="java.specification.name" value="Java Platform API Specification"/>
    <property name="java.vm.specification.vendor" value="Oracle Corporation"/>
    <property name="java.awt.graphicsenv" value="sun.awt.X11GraphicsEnvironment"/>
    <property name="surefire.real.class.path" value="/var/jenkins_home/workspace/BASIC_PIPELINE/target/surefire/surefirebooter18095418549024699501.jar"/>
    <property name="sun.management.compiler" value="HotSpot 64-Bit Tiered Compilers"/>
    <property name="java.runtime.version" value="11.0.17+8"/>
    <property name="user.name" value="jenkins"/>
    <property name="path.separator" value=":"/>
    <property name="os.version" value="5.10.16.3-microsoft-standard-WSL2"/>
    <property name="java.runtime.name" value="OpenJDK Runtime Environment"/>
    <property name="file.encoding" value="UTF-8"/>
    <property name="java.vm.name" value="OpenJDK 64-Bit Server VM"/>
    <property name="java.vendor.version" value="Temurin-11.0.17+8"/>
    <property name="localRepository" value="/var/jenkins_home/.m2/repository"/>
    <property name="java.vendor.url.bug" value="https://github.com/adoptium/adoptium-support/issues"/>
    <property name="java.io.tmpdir" value="/tmp"/>
    <property name="java.version" value="11.0.17"/>
    <property name="user.dir" value="/var/jenkins_home/workspace/BASIC_PIPELINE"/>
    <property name="os.arch" value="amd64"/>
    <property name="java.vm.specification.name" value="Java Virtual Machine Specification"/>
    <property name="java.awt.printerjob" value="sun.print.PSPrinterJob"/>
    <property name="sun.os.patch.level" value="unknown"/>
    <property name="java.library.path" value="/usr/java/packages/lib:/usr/lib64:/lib64:/lib:/usr/lib"/>
    <property name="java.vm.info" value="mixed mode"/>
    <property name="java.vendor" value="Eclipse Adoptium"/>
    <property name="java.vm.version" value="11.0.17+8"/>
    <property name="sun.io.unicode.encoding" value="UnicodeLittle"/>
    <property name="java.class.version" value="55.0"/>
  </properties>
  <testcase name="main" classname="com.organizer.www.OrganizerApiApplicationTest" time="0.193"/>
</testsuite>